C:\USERS\MARTIJN\DOCUMENTS\VISUAL STUDIO 2012\PROJECTS\OS3CS\OS3CLIENT\DEBUG\OS3CLIENT.PCH
C:\USERS\MARTIJN\DOCUMENTS\VISUAL STUDIO 2012\PROJECTS\OS3CS\OS3CLIENT\DEBUG\STDAFX.OBJ
C:\USERS\MARTIJN\DOCUMENTS\VISUAL STUDIO 2012\PROJECTS\OS3CS\OS3CLIENT\DEBUG\VC110.PDB
C:\USERS\MARTIJN\DOCUMENTS\VISUAL STUDIO 2012\PROJECTS\OS3CS\OS3CLIENT\DEBUG\SOCKET.OBJ
C:\USERS\MARTIJN\DOCUMENTS\VISUAL STUDIO 2012\PROJECTS\OS3CS\OS3CLIENT\DEBUG\OS3CLIENT.OBJ
C:\USERS\MARTIJN\DOCUMENTS\VISUAL STUDIO 2012\PROJECTS\OS3CS\DEBUG\OS3CLIENT.ILK
C:\USERS\MARTIJN\DOCUMENTS\VISUAL STUDIO 2012\PROJECTS\OS3CS\DEBUG\OS3CLIENT.EXE
C:\USERS\MARTIJN\DOCUMENTS\VISUAL STUDIO 2012\PROJECTS\OS3CS\DEBUG\OS3CLIENT.PDB
C:\Users\Martijn\Documents\Visual Studio 2012\Projects\OS3CS\OS3Client\Debug\OS3Client.obj
C:\Users\Martijn\Documents\Visual Studio 2012\Projects\OS3CS\OS3Client\Debug\Socket.obj
C:\Users\Martijn\Documents\Visual Studio 2012\Projects\OS3CS\OS3Client\Debug\stdafx.obj
C:\Users\Martijn\Documents\Visual Studio 2012\Projects\OS3CS\OS3Client\Debug\cl.command.1.tlog
C:\Users\Martijn\Documents\Visual Studio 2012\Projects\OS3CS\OS3Client\Debug\CL.read.1.tlog
C:\Users\Martijn\Documents\Visual Studio 2012\Projects\OS3CS\OS3Client\Debug\CL.write.1.tlog
C:\Users\Martijn\Documents\Visual Studio 2012\Projects\OS3CS\OS3Client\Debug\link-cvtres.read.1.tlog
C:\Users\Martijn\Documents\Visual Studio 2012\Projects\OS3CS\OS3Client\Debug\link-cvtres.write.1.tlog
C:\Users\Martijn\Documents\Visual Studio 2012\Projects\OS3CS\OS3Client\Debug\link-rc.read.1.tlog
C:\Users\Martijn\Documents\Visual Studio 2012\Projects\OS3CS\OS3Client\Debug\link-rc.write.1.tlog
C:\Users\Martijn\Documents\Visual Studio 2012\Projects\OS3CS\OS3Client\Debug\link.5556-cvtres.read.1.tlog
C:\Users\Martijn\Documents\Visual Studio 2012\Projects\OS3CS\OS3Client\Debug\link.5556-cvtres.write.1.tlog
C:\Users\Martijn\Documents\Visual Studio 2012\Projects\OS3CS\OS3Client\Debug\link.5556-rc.read.1.tlog
C:\Users\Martijn\Documents\Visual Studio 2012\Projects\OS3CS\OS3Client\Debug\link.5556-rc.write.1.tlog
C:\Users\Martijn\Documents\Visual Studio 2012\Projects\OS3CS\OS3Client\Debug\link.5556.read.1.tlog
C:\Users\Martijn\Documents\Visual Studio 2012\Projects\OS3CS\OS3Client\Debug\link.5556.write.1.tlog
C:\Users\Martijn\Documents\Visual Studio 2012\Projects\OS3CS\OS3Client\Debug\link.command.1.tlog
C:\Users\Martijn\Documents\Visual Studio 2012\Projects\OS3CS\OS3Client\Debug\link.read.1.tlog
C:\Users\Martijn\Documents\Visual Studio 2012\Projects\OS3CS\OS3Client\Debug\link.write.1.tlog
C:\Users\Martijn\Documents\Visual Studio 2012\Projects\OS3CS\OS3Client\Debug\OS3Client.pch
C:\Users\Martijn\Documents\Visual Studio 2012\Projects\OS3CS\OS3Client\Debug\vc110.idb
C:\Users\Martijn\Documents\Visual Studio 2012\Projects\OS3CS\OS3Client\Debug\vc110.pdb
C:\Users\Martijn\Documents\Visual Studio 2012\Projects\OS3CS\Debug\OS3Client.pdb
C:\Users\Martijn\Documents\Visual Studio 2012\Projects\OS3CS\Debug\OS3Client.exe
C:\Users\Martijn\Documents\Visual Studio 2012\Projects\OS3CS\Debug\OS3Client.ilk
