C:\USERS\MARTIJN\DOCUMENTS\VISUAL STUDIO 2012\PROJECTS\OS3CS\OS3SERVER\DEBUG\OS3SERVER.PCH
C:\USERS\MARTIJN\DOCUMENTS\VISUAL STUDIO 2012\PROJECTS\OS3CS\OS3SERVER\DEBUG\STDAFX.OBJ
C:\USERS\MARTIJN\DOCUMENTS\VISUAL STUDIO 2012\PROJECTS\OS3CS\OS3SERVER\DEBUG\VC110.PDB
C:\USERS\MARTIJN\DOCUMENTS\VISUAL STUDIO 2012\PROJECTS\OS3CS\OS3SERVER\DEBUG\SOCKET.OBJ
C:\USERS\MARTIJN\DOCUMENTS\VISUAL STUDIO 2012\PROJECTS\OS3CS\OS3SERVER\DEBUG\OS3SERVER.OBJ
C:\USERS\MARTIJN\DOCUMENTS\VISUAL STUDIO 2012\PROJECTS\OS3CS\OS3SERVER\DEBUG\SERVER.OBJ
C:\USERS\MARTIJN\DOCUMENTS\VISUAL STUDIO 2012\PROJECTS\OS3CS\DEBUG\OS3SERVER.ILK
C:\USERS\MARTIJN\DOCUMENTS\VISUAL STUDIO 2012\PROJECTS\OS3CS\DEBUG\OS3SERVER.EXE
C:\USERS\MARTIJN\DOCUMENTS\VISUAL STUDIO 2012\PROJECTS\OS3CS\DEBUG\OS3SERVER.PDB
C:\Users\Martijn\Documents\Visual Studio 2012\Projects\OS3CS\OS3Server\Debug\Socket.obj
C:\Users\Martijn\Documents\Visual Studio 2012\Projects\OS3CS\OS3Server\Debug\stdafx.obj
C:\Users\Martijn\Documents\Visual Studio 2012\Projects\OS3CS\OS3Server\Debug\cl.command.1.tlog
C:\Users\Martijn\Documents\Visual Studio 2012\Projects\OS3CS\OS3Server\Debug\CL.read.1.tlog
C:\Users\Martijn\Documents\Visual Studio 2012\Projects\OS3CS\OS3Server\Debug\CL.write.1.tlog
C:\Users\Martijn\Documents\Visual Studio 2012\Projects\OS3CS\OS3Server\Debug\link-cvtres.read.1.tlog
C:\Users\Martijn\Documents\Visual Studio 2012\Projects\OS3CS\OS3Server\Debug\link-cvtres.write.1.tlog
C:\Users\Martijn\Documents\Visual Studio 2012\Projects\OS3CS\OS3Server\Debug\link-rc.read.1.tlog
C:\Users\Martijn\Documents\Visual Studio 2012\Projects\OS3CS\OS3Server\Debug\link-rc.write.1.tlog
C:\Users\Martijn\Documents\Visual Studio 2012\Projects\OS3CS\OS3Server\Debug\link.6376-cvtres.read.1.tlog
C:\Users\Martijn\Documents\Visual Studio 2012\Projects\OS3CS\OS3Server\Debug\link.6376-cvtres.write.1.tlog
C:\Users\Martijn\Documents\Visual Studio 2012\Projects\OS3CS\OS3Server\Debug\link.6376-rc.read.1.tlog
C:\Users\Martijn\Documents\Visual Studio 2012\Projects\OS3CS\OS3Server\Debug\link.6376-rc.write.1.tlog
C:\Users\Martijn\Documents\Visual Studio 2012\Projects\OS3CS\OS3Server\Debug\link.6376.read.1.tlog
C:\Users\Martijn\Documents\Visual Studio 2012\Projects\OS3CS\OS3Server\Debug\link.6376.write.1.tlog
C:\Users\Martijn\Documents\Visual Studio 2012\Projects\OS3CS\OS3Server\Debug\link.6464-cvtres.read.1.tlog
C:\Users\Martijn\Documents\Visual Studio 2012\Projects\OS3CS\OS3Server\Debug\link.6464-cvtres.write.1.tlog
C:\Users\Martijn\Documents\Visual Studio 2012\Projects\OS3CS\OS3Server\Debug\link.6464-rc.read.1.tlog
C:\Users\Martijn\Documents\Visual Studio 2012\Projects\OS3CS\OS3Server\Debug\link.6464-rc.write.1.tlog
C:\Users\Martijn\Documents\Visual Studio 2012\Projects\OS3CS\OS3Server\Debug\link.6464.read.1.tlog
C:\Users\Martijn\Documents\Visual Studio 2012\Projects\OS3CS\OS3Server\Debug\link.6464.write.1.tlog
C:\Users\Martijn\Documents\Visual Studio 2012\Projects\OS3CS\OS3Server\Debug\link.command.1.tlog
C:\Users\Martijn\Documents\Visual Studio 2012\Projects\OS3CS\OS3Server\Debug\link.read.1.tlog
C:\Users\Martijn\Documents\Visual Studio 2012\Projects\OS3CS\OS3Server\Debug\link.write.1.tlog
C:\Users\Martijn\Documents\Visual Studio 2012\Projects\OS3CS\OS3Server\Debug\OS3Server.pch
C:\Users\Martijn\Documents\Visual Studio 2012\Projects\OS3CS\OS3Server\Debug\vc110.idb
C:\Users\Martijn\Documents\Visual Studio 2012\Projects\OS3CS\OS3Server\Debug\vc110.pdb
C:\Users\Martijn\Documents\Visual Studio 2012\Projects\OS3CS\Debug\OS3Server.pdb
C:\Users\Martijn\Documents\Visual Studio 2012\Projects\OS3CS\Debug\OS3Server.exe
C:\Users\Martijn\Documents\Visual Studio 2012\Projects\OS3CS\Debug\OS3Server.ilk
